{
"/home/antonpavlov/repos/eiler_reborn/src/server/index.js":{"path":"/home/antonpavlov/repos/eiler_reborn/src/server/index.js","s":{"1":0,"3":0,"7":0},"f":{},"l":{"1":0,"2":0,"4":0},"b":{},"statementMap":{"1":{"start":{"line":1,"column":0},"end":{"line":null,"column":null}},"3":{"start":{"line":2,"column":0},"end":{"line":null,"column":null}},"7":{"start":{"line":4,"column":0},"end":{"line":null,"column":null}}},"fnMap":{},"branchMap":{}},
"/home/antonpavlov/repos/eiler_reborn/src/server/lib/graph.js":{"path":"/home/antonpavlov/repos/eiler_reborn/src/server/lib/graph.js","s":{"17":0,"24":0,"25":1,"26":0,"28":0,"29":0,"30":0,"31":0,"32":0,"33":0,"34":0,"35":0,"38":0,"39":0,"40":0,"41":0,"42":0,"43":0,"44":0,"45":0,"46":0,"47":0,"48":0,"49":0,"50":0,"51":0,"52":0,"53":0,"54":0,"55":0,"56":0,"57":0,"58":0,"59":0,"60":0,"61":0,"62":0,"63":0,"64":0,"66":0,"67":0,"68":0,"70":0},"f":{"7":0,"8":0,"9":0,"10":0,"11":0,"12":0,"13":0,"14":0,"15":0},"l":{"1":0,"3":0,"4":1,"5":0,"6":0,"8":0,"9":0,"12":0,"13":0,"14":0,"16":0,"22":0,"23":0,"24":0,"26":0,"28":0,"29":0,"30":0,"31":0,"32":0,"33":0,"37":0,"39":0,"40":0,"44":0,"45":0,"47":0,"48":0,"49":0,"51":0,"55":0,"56":0,"58":0,"59":0,"60":0,"62":0,"63":0,"67":0,"68":0,"73":0},"b":{"8":[0,0],"9":[0,0],"10":[0,0],"11":[0,0],"12":[0,0],"13":[0,0],"14":[0,0],"15":[0,0],"16":[0,0],"17":[0,0],"18":[0,0],"19":[0,0],"20":[0,0]},"statementMap":{"17":{"start":{"line":1,"column":0},"end":{"line":null,"column":null}},"24":{"start":{"line":3,"column":6},"end":{"line":null,"column":null}},"25":{"start":{"line":4,"column":41},"end":{"line":null,"column":null}},"26":{"start":{"line":4,"column":17},"end":{"line":null,"column":null}},"28":{"start":{"line":5,"column":9},"end":{"line":null,"column":null}},"29":{"start":{"line":6,"column":9},"end":{"line":null,"column":null}},"30":{"start":{"line":8,"column":8},"end":{"line":null,"column":null}},"31":{"start":{"line":9,"column":12},"end":{"line":null,"column":null}},"32":{"start":{"line":12,"column":9},"end":{"line":null,"column":null}},"33":{"start":{"line":13,"column":10},"end":{"line":null,"column":null}},"34":{"start":{"line":14,"column":13},"end":{"line":null,"column":null}},"35":{"start":{"line":16,"column":13},"end":{"line":null,"column":null}},"38":{"start":{"line":22,"column":8},"end":{"line":null,"column":null}},"39":{"start":{"line":23,"column":8},"end":{"line":null,"column":null}},"40":{"start":{"line":24,"column":13},"end":{"line":null,"column":null}},"41":{"start":{"line":26,"column":10},"end":{"line":null,"column":null}},"42":{"start":{"line":28,"column":8},"end":{"line":null,"column":null}},"43":{"start":{"line":29,"column":19},"end":{"line":null,"column":null}},"44":{"start":{"line":30,"column":13},"end":{"line":null,"column":null}},"45":{"start":{"line":31,"column":16},"end":{"line":null,"column":null}},"46":{"start":{"line":32,"column":14},"end":{"line":null,"column":null}},"47":{"start":{"line":33,"column":25},"end":{"line":null,"column":null}},"48":{"start":{"line":37,"column":13},"end":{"line":null,"column":null}},"49":{"start":{"line":39,"column":9},"end":{"line":null,"column":null}},"50":{"start":{"line":39,"column":47},"end":{"line":null,"column":null}},"51":{"start":{"line":40,"column":11},"end":{"line":null,"column":null}},"52":{"start":{"line":44,"column":8},"end":{"line":null,"column":null}},"53":{"start":{"line":45,"column":12},"end":{"line":null,"column":null}},"54":{"start":{"line":47,"column":8},"end":{"line":null,"column":null}},"55":{"start":{"line":48,"column":11},"end":{"line":null,"column":null}},"56":{"start":{"line":49,"column":13},"end":{"line":null,"column":null}},"57":{"start":{"line":51,"column":11},"end":{"line":null,"column":null}},"58":{"start":{"line":55,"column":8},"end":{"line":null,"column":null}},"59":{"start":{"line":56,"column":12},"end":{"line":null,"column":null}},"60":{"start":{"line":58,"column":10},"end":{"line":null,"column":null}},"61":{"start":{"line":59,"column":8},"end":{"line":null,"column":null}},"62":{"start":{"line":60,"column":13},"end":{"line":null,"column":null}},"63":{"start":{"line":62,"column":11},"end":{"line":null,"column":null}},"64":{"start":{"line":63,"column":11},"end":{"line":null,"column":null}},"66":{"start":{"line":67,"column":8},"end":{"line":null,"column":null}},"67":{"start":{"line":67,"column":36},"end":{"line":null,"column":null}},"68":{"start":{"line":68,"column":12},"end":{"line":null,"column":null}},"70":{"start":{"line":73,"column":15},"end":{"line":null,"column":null}}},"fnMap":{"7":{"name":"Graph","line":4,"loc":{"start":{"line":4,"column":41},"end":{"line":4,"column":41}}},"8":{"name":"getIncidentMatrix","line":21,"loc":{"start":{"line":21,"column":21},"end":{"line":21,"column":35}}},"9":{"name":"(anonymous_9)","line":29,"loc":{"start":{"line":29,"column":27},"end":{"line":29,"column":52}}},"10":{"name":"(anonymous_10)","line":30,"loc":{"start":{"line":30,"column":31},"end":{"line":30,"column":43}}},"11":{"name":"(anonymous_11)","line":39,"loc":{"start":{"line":39,"column":27},"end":{"line":null,"column":null}}},"12":{"name":"addEdge","line":43,"loc":{"start":{"line":43,"column":11},"end":{"line":43,"column":27}}},"13":{"name":"removeEdge","line":54,"loc":{"start":{"line":54,"column":14},"end":{"line":54,"column":30}}},"14":{"name":"getSubgraph","line":66,"loc":{"start":{"line":66,"column":15},"end":{"line":66,"column":29}}},"15":{"name":"(anonymous_15)","line":67,"loc":{"start":{"line":67,"column":26},"end":{"line":null,"column":null}}}},"branchMap":{"8":{"line":8,"type":"if","locations":[{"start":{"line":8,"column":8},"end":{"line":8,"column":8}},{"start":{"line":8,"column":8},"end":{"line":8,"column":8}}]},"9":{"line":8,"type":"binary-expr","locations":[{"start":{"line":8,"column":8},"end":{"line":8,"column":26}},{"start":{"line":8,"column":26},"end":{"line":8,"column":4}}]},"10":{"line":13,"type":"if","locations":[{"start":{"line":13,"column":10},"end":{"line":13,"column":10}},{"start":{"line":13,"column":10},"end":{"line":13,"column":10}}]},"11":{"line":23,"type":"if","locations":[{"start":{"line":23,"column":8},"end":{"line":23,"column":8}},{"start":{"line":23,"column":8},"end":{"line":23,"column":8}}]},"12":{"line":23,"type":"binary-expr","locations":[{"start":{"line":23,"column":8},"end":{"line":23,"column":24}},{"start":{"line":23,"column":24},"end":{"line":23,"column":4}}]},"13":{"line":28,"type":"if","locations":[{"start":{"line":28,"column":8},"end":{"line":28,"column":8}},{"start":{"line":28,"column":8},"end":{"line":28,"column":8}}]},"14":{"line":32,"type":"if","locations":[{"start":{"line":32,"column":14},"end":{"line":32,"column":14}},{"start":{"line":32,"column":14},"end":{"line":32,"column":14}}]},"15":{"line":44,"type":"if","locations":[{"start":{"line":44,"column":8},"end":{"line":44,"column":8}},{"start":{"line":44,"column":8},"end":{"line":44,"column":8}}]},"16":{"line":44,"type":"binary-expr","locations":[{"start":{"line":44,"column":8},"end":{"line":44,"column":8}},{"start":{"line":44,"column":35},"end":{"line":44,"column":4}}]},"17":{"line":47,"type":"if","locations":[{"start":{"line":47,"column":8},"end":{"line":47,"column":8}},{"start":{"line":47,"column":8},"end":{"line":47,"column":8}}]},"18":{"line":55,"type":"if","locations":[{"start":{"line":55,"column":8},"end":{"line":55,"column":8}},{"start":{"line":55,"column":8},"end":{"line":55,"column":8}}]},"19":{"line":59,"type":"if","locations":[{"start":{"line":59,"column":8},"end":{"line":59,"column":8}},{"start":{"line":59,"column":8},"end":{"line":59,"column":8}}]},"20":{"line":67,"type":"if","locations":[{"start":{"line":67,"column":8},"end":{"line":67,"column":8}},{"start":{"line":67,"column":8},"end":{"line":67,"column":8}}]}}},
"/home/antonpavlov/repos/eiler_reborn/src/server/lib/matrix.js":{"path":"/home/antonpavlov/repos/eiler_reborn/src/server/lib/matrix.js","s":{"17":0,"24":0,"25":1,"26":0,"28":0,"29":0,"30":0,"31":0,"33":0,"34":0,"35":0,"36":0,"37":0,"38":0,"39":0,"40":0,"41":0,"42":0,"43":0,"44":0,"45":0,"46":0,"48":0,"49":0,"50":0,"51":0,"52":0,"53":0,"54":0,"55":0,"56":0,"57":0,"59":0},"f":{"7":0,"8":0,"9":0,"10":0,"11":0,"12":0,"13":0,"14":0},"l":{"1":0,"3":0,"4":1,"5":0,"6":0,"8":0,"9":0,"13":0,"14":0,"18":0,"19":0,"20":0,"21":0,"23":0,"24":0,"27":0,"28":0,"30":0,"32":0,"36":0,"37":0,"41":0,"42":0,"44":0,"45":0,"46":0,"48":0,"53":0,"54":0,"56":0,"60":0},"b":{"8":[0,0],"9":[0,0],"10":[0,0],"11":[0,0],"12":[0,0],"13":[0,0],"14":[0,0],"15":[0,0],"16":[0,0],"17":[0,0],"18":[0,0,0,0]},"statementMap":{"17":{"start":{"line":1,"column":0},"end":{"line":null,"column":null}},"24":{"start":{"line":3,"column":6},"end":{"line":null,"column":null}},"25":{"start":{"line":4,"column":25},"end":{"line":null,"column":null}},"26":{"start":{"line":4,"column":15},"end":{"line":null,"column":null}},"28":{"start":{"line":5,"column":8},"end":{"line":null,"column":null}},"29":{"start":{"line":6,"column":12},"end":{"line":null,"column":null}},"30":{"start":{"line":8,"column":9},"end":{"line":null,"column":null}},"31":{"start":{"line":9,"column":9},"end":{"line":null,"column":null}},"33":{"start":{"line":13,"column":9},"end":{"line":null,"column":null}},"34":{"start":{"line":14,"column":11},"end":{"line":null,"column":null}},"35":{"start":{"line":18,"column":9},"end":{"line":null,"column":null}},"36":{"start":{"line":19,"column":8},"end":{"line":null,"column":null}},"37":{"start":{"line":20,"column":10},"end":{"line":null,"column":null}},"38":{"start":{"line":21,"column":15},"end":{"line":null,"column":null}},"39":{"start":{"line":23,"column":10},"end":{"line":null,"column":null}},"40":{"start":{"line":24,"column":15},"end":{"line":null,"column":null}},"41":{"start":{"line":27,"column":10},"end":{"line":null,"column":null}},"42":{"start":{"line":28,"column":13},"end":{"line":null,"column":null}},"43":{"start":{"line":30,"column":11},"end":{"line":null,"column":null}},"44":{"start":{"line":32,"column":11},"end":{"line":null,"column":null}},"45":{"start":{"line":36,"column":9},"end":{"line":null,"column":null}},"46":{"start":{"line":37,"column":11},"end":{"line":null,"column":null}},"48":{"start":{"line":41,"column":8},"end":{"line":null,"column":null}},"49":{"start":{"line":42,"column":12},"end":{"line":null,"column":null}},"50":{"start":{"line":44,"column":9},"end":{"line":null,"column":null}},"51":{"start":{"line":45,"column":10},"end":{"line":null,"column":null}},"52":{"start":{"line":46,"column":14},"end":{"line":null,"column":null}},"53":{"start":{"line":48,"column":10},"end":{"line":null,"column":null}},"54":{"start":{"line":48,"column":39},"end":{"line":null,"column":null}},"55":{"start":{"line":53,"column":8},"end":{"line":null,"column":null}},"56":{"start":{"line":54,"column":12},"end":{"line":null,"column":null}},"57":{"start":{"line":56,"column":11},"end":{"line":null,"column":null}},"59":{"start":{"line":60,"column":15},"end":{"line":null,"column":null}}},"fnMap":{"7":{"name":"Matrix","line":4,"loc":{"start":{"line":4,"column":25},"end":{"line":4,"column":25}}},"8":{"name":"get","line":12,"loc":{"start":{"line":12,"column":7},"end":{"line":12,"column":27}}},"9":{"name":"set","line":17,"loc":{"start":{"line":17,"column":7},"end":{"line":17,"column":34}}},"10":{"name":"getRowCoverage","line":35,"loc":{"start":{"line":35,"column":18},"end":{"line":35,"column":28}}},"11":{"name":"setData","line":40,"loc":{"start":{"line":40,"column":11},"end":{"line":40,"column":17}}},"12":{"name":"(anonymous_12)","line":44,"loc":{"start":{"line":44,"column":17},"end":{"line":44,"column":36}}},"13":{"name":"(anonymous_13)","line":48,"loc":{"start":{"line":48,"column":18},"end":{"line":null,"column":null}}},"14":{"name":"_checkIndexExistance","line":52,"loc":{"start":{"line":52,"column":24},"end":{"line":52,"column":44}}}},"branchMap":{"8":{"line":4,"type":"cond-expr","locations":[{"start":{"line":4,"column":22},"end":{"line":4,"column":22}},{"start":{"line":4,"column":22},"end":{"line":4,"column":25}}]},"9":{"line":4,"type":"binary-expr","locations":[{"start":{"line":4,"column":22},"end":{"line":4,"column":22}},{"start":{"line":4,"column":22},"end":{"line":4,"column":22}}]},"10":{"line":5,"type":"if","locations":[{"start":{"line":5,"column":8},"end":{"line":5,"column":8}},{"start":{"line":5,"column":8},"end":{"line":5,"column":8}}]},"11":{"line":19,"type":"if","locations":[{"start":{"line":19,"column":8},"end":{"line":19,"column":8}},{"start":{"line":19,"column":8},"end":{"line":19,"column":8}}]},"12":{"line":20,"type":"if","locations":[{"start":{"line":20,"column":10},"end":{"line":20,"column":10}},{"start":{"line":20,"column":10},"end":{"line":20,"column":10}}]},"13":{"line":23,"type":"if","locations":[{"start":{"line":23,"column":10},"end":{"line":23,"column":10}},{"start":{"line":23,"column":10},"end":{"line":23,"column":10}}]},"14":{"line":27,"type":"if","locations":[{"start":{"line":27,"column":10},"end":{"line":27,"column":10}},{"start":{"line":27,"column":10},"end":{"line":27,"column":10}}]},"15":{"line":41,"type":"if","locations":[{"start":{"line":41,"column":8},"end":{"line":41,"column":8}},{"start":{"line":41,"column":8},"end":{"line":41,"column":8}}]},"16":{"line":45,"type":"if","locations":[{"start":{"line":45,"column":10},"end":{"line":45,"column":10}},{"start":{"line":45,"column":10},"end":{"line":45,"column":10}}]},"17":{"line":53,"type":"if","locations":[{"start":{"line":53,"column":8},"end":{"line":53,"column":8}},{"start":{"line":53,"column":8},"end":{"line":53,"column":8}}]},"18":{"line":53,"type":"binary-expr","locations":[{"start":{"line":53,"column":8},"end":{"line":53,"column":8}},{"start":{"line":53,"column":24},"end":{"line":53,"column":8}},{"start":{"line":53,"column":40},"end":{"line":53,"column":8}},{"start":{"line":53,"column":66},"end":{"line":53,"column":4}}]}}}}
