TN:
SF:/home/antonpavlov/repos/eiler_reborn/src/server/index.js
FNF:0
FNH:0
DA:1,0
DA:2,0
DA:4,0
LF:3
LH:0
BRF:0
BRH:0
end_of_record
TN:
SF:/home/antonpavlov/repos/eiler_reborn/src/server/lib/graph.js
FN:4,Graph
FN:21,getIncidentMatrix
FN:29,(anonymous_9)
FN:30,(anonymous_10)
FN:39,(anonymous_11)
FN:43,addEdge
FN:54,removeEdge
FN:66,getSubgraph
FN:67,(anonymous_15)
FNF:9
FNH:0
FNDA:0,Graph
FNDA:0,getIncidentMatrix
FNDA:0,(anonymous_9)
FNDA:0,(anonymous_10)
FNDA:0,(anonymous_11)
FNDA:0,addEdge
FNDA:0,removeEdge
FNDA:0,getSubgraph
FNDA:0,(anonymous_15)
DA:1,0
DA:3,0
DA:4,1
DA:5,0
DA:6,0
DA:8,0
DA:9,0
DA:12,0
DA:13,0
DA:14,0
DA:16,0
DA:22,0
DA:23,0
DA:24,0
DA:26,0
DA:28,0
DA:29,0
DA:30,0
DA:31,0
DA:32,0
DA:33,0
DA:37,0
DA:39,0
DA:40,0
DA:44,0
DA:45,0
DA:47,0
DA:48,0
DA:49,0
DA:51,0
DA:55,0
DA:56,0
DA:58,0
DA:59,0
DA:60,0
DA:62,0
DA:63,0
DA:67,0
DA:68,0
DA:73,0
LF:40
LH:1
BRDA:8,8,0,0
BRDA:8,8,1,0
BRDA:8,9,0,0
BRDA:8,9,1,0
BRDA:13,10,0,0
BRDA:13,10,1,0
BRDA:23,11,0,0
BRDA:23,11,1,0
BRDA:23,12,0,0
BRDA:23,12,1,0
BRDA:28,13,0,0
BRDA:28,13,1,0
BRDA:32,14,0,0
BRDA:32,14,1,0
BRDA:44,15,0,0
BRDA:44,15,1,0
BRDA:44,16,0,0
BRDA:44,16,1,0
BRDA:47,17,0,0
BRDA:47,17,1,0
BRDA:55,18,0,0
BRDA:55,18,1,0
BRDA:59,19,0,0
BRDA:59,19,1,0
BRDA:67,20,0,0
BRDA:67,20,1,0
BRF:26
BRH:0
end_of_record
TN:
SF:/home/antonpavlov/repos/eiler_reborn/src/server/lib/matrix.js
FN:4,Matrix
FN:12,get
FN:17,set
FN:35,getRowCoverage
FN:40,setData
FN:44,(anonymous_12)
FN:48,(anonymous_13)
FN:52,_checkIndexExistance
FNF:8
FNH:0
FNDA:0,Matrix
FNDA:0,get
FNDA:0,set
FNDA:0,getRowCoverage
FNDA:0,setData
FNDA:0,(anonymous_12)
FNDA:0,(anonymous_13)
FNDA:0,_checkIndexExistance
DA:1,0
DA:3,0
DA:4,1
DA:5,0
DA:6,0
DA:8,0
DA:9,0
DA:13,0
DA:14,0
DA:18,0
DA:19,0
DA:20,0
DA:21,0
DA:23,0
DA:24,0
DA:27,0
DA:28,0
DA:30,0
DA:32,0
DA:36,0
DA:37,0
DA:41,0
DA:42,0
DA:44,0
DA:45,0
DA:46,0
DA:48,0
DA:53,0
DA:54,0
DA:56,0
DA:60,0
LF:31
LH:1
BRDA:4,8,0,0
BRDA:4,8,1,0
BRDA:4,9,0,0
BRDA:4,9,1,0
BRDA:5,10,0,0
BRDA:5,10,1,0
BRDA:19,11,0,0
BRDA:19,11,1,0
BRDA:20,12,0,0
BRDA:20,12,1,0
BRDA:23,13,0,0
BRDA:23,13,1,0
BRDA:27,14,0,0
BRDA:27,14,1,0
BRDA:41,15,0,0
BRDA:41,15,1,0
BRDA:45,16,0,0
BRDA:45,16,1,0
BRDA:53,17,0,0
BRDA:53,17,1,0
BRDA:53,18,0,0
BRDA:53,18,1,0
BRDA:53,18,2,0
BRDA:53,18,3,0
BRF:24
BRH:0
end_of_record
